<?xml version='1.0'?>
<ns2:test-suite xmlns:ns2='urn:model.allure.qatools.yandex.ru' start='1572524302713' stop='1572524304505'>
    <name>Users function test</name>
    <title>Users function test</title>
    <test-cases>
        <test-case start='1572524304399' status='broken' stop='1572524304437'>
            <name>Should be created new User</name>
            <title>Should be created new User</title>
            <labels>
                <label name='language' value='javascript'/>
                <label name='framework' value='wdio'/>
                <label name='thread' value='0-4'/>
            </labels>
            <parameters>
                <parameter kind='argument' name='browser' value='chrome-78.0.3904.70'/>
            </parameters>
            <steps>
                <step start='1572524304403' status='broken' stop='1572524304437'>
                    <name>POST /session/:sessionId/element</name>
                    <title>POST /session/:sessionId/element</title>
                    <attachments>
                        <attachment title='Request' source='3ec0fece-d8d7-476f-99a8-d2fa1880a3ff-attachment.json' type='application/json' size='41'/>
                    </attachments>
                    <steps/>
                </step>
            </steps>
            <attachments/>
            <failure>
                <message>no such window: target window already closed
                from unknown error: web view not found
                  (Session info: chrome=78.0.3904.70)
                  (Driver info: chromedriver=2.43.600229 (3fae4d0cda5334b4f533bede5a4787f7b832d052),platform=Mac OS X 10.14.5 x86_64)</message>
                <stack-trace>Error: no such window: target window already closed
                from unknown error: web view not found
                  (Session info: chrome=78.0.3904.70)
                  (Driver info: chromedriver=2.43.600229 (3fae4d0cda5334b4f533bede5a4787f7b832d052),platform=Mac OS X 10.14.5 x86_64)
                    at global.$ (/Users/mentalstack/Documents/GitHub/unit-e2e/node_modules/@wdio/runner/build/index.js:160:36)
                    at LoginPage.$ [as emailInput] (/Users/mentalstack/Documents/GitHub/unit-e2e/test/e2e/pages/Login.page.js:11:16)
                    at LoginPage.emailInput [as logIn] (/Users/mentalstack/Documents/GitHub/unit-e2e/test/e2e/pages/Login.page.js:31:14)
                    at Context.logIn (/Users/mentalstack/Documents/GitHub/unit-e2e/test/e2e/specs/UserPageTest.spec.js:13:19)</stack-trace>
            </failure>
        </test-case>
        <test-case start='1572524304438' status='broken' stop='1572524304464'>
            <name>Should be edited Roles</name>
            <title>Should be edited Roles</title>
            <labels>
                <label name='language' value='javascript'/>
                <label name='framework' value='wdio'/>
                <label name='thread' value='0-4'/>
            </labels>
            <parameters>
                <parameter kind='argument' name='browser' value='chrome-78.0.3904.70'/>
            </parameters>
            <steps>
                <step start='1572524304438' status='broken' stop='1572524304464'>
                    <name>POST /session/:sessionId/element</name>
                    <title>POST /session/:sessionId/element</title>
                    <attachments>
                        <attachment title='Request' source='7b473c9c-ee5f-4f4a-a940-409a25d44a22-attachment.json' type='application/json' size='143'/>
                    </attachments>
                    <steps/>
                </step>
            </steps>
            <attachments/>
            <failure>
                <message>no such window: target window already closed
                from unknown error: web view not found
                  (Session info: chrome=78.0.3904.70)
                  (Driver info: chromedriver=2.43.600229 (3fae4d0cda5334b4f533bede5a4787f7b832d052),platform=Mac OS X 10.14.5 x86_64)</message>
                <stack-trace>Error: no such window: target window already closed
                from unknown error: web view not found
                  (Session info: chrome=78.0.3904.70)
                  (Driver info: chromedriver=2.43.600229 (3fae4d0cda5334b4f533bede5a4787f7b832d052),platform=Mac OS X 10.14.5 x86_64)
                    at global.$ (/Users/mentalstack/Documents/GitHub/unit-e2e/node_modules/@wdio/runner/build/index.js:160:36)
                    at UsersPage.$ [as EditButton] (/Users/mentalstack/Documents/GitHub/unit-e2e/test/e2e/pages/Users.page.js:61:16)
                    at Context.EditButton (/Users/mentalstack/Documents/GitHub/unit-e2e/test/e2e/specs/UserPageTest.spec.js:28:19)</stack-trace>
            </failure>
        </test-case>
        <test-case start='1572524304464' status='broken' stop='1572524304482'>
            <name>Should be find element with name Bruno Buchelatti</name>
            <title>Should be find element with name Bruno Buchelatti</title>
            <labels>
                <label name='language' value='javascript'/>
                <label name='framework' value='wdio'/>
                <label name='thread' value='0-4'/>
            </labels>
            <parameters>
                <parameter kind='argument' name='browser' value='chrome-78.0.3904.70'/>
            </parameters>
            <steps>
                <step start='1572524304464' status='broken' stop='1572524304482'>
                    <name>POST /session/:sessionId/element</name>
                    <title>POST /session/:sessionId/element</title>
                    <attachments>
                        <attachment title='Request' source='24d5ebcf-ff2e-453d-9f4b-eac48e847bdd-attachment.json' type='application/json' size='64'/>
                    </attachments>
                    <steps/>
                </step>
            </steps>
            <attachments/>
            <failure>
                <message>no such window: target window already closed
                from unknown error: web view not found
                  (Session info: chrome=78.0.3904.70)
                  (Driver info: chromedriver=2.43.600229 (3fae4d0cda5334b4f533bede5a4787f7b832d052),platform=Mac OS X 10.14.5 x86_64)</message>
                <stack-trace>Error: no such window: target window already closed
                from unknown error: web view not found
                  (Session info: chrome=78.0.3904.70)
                  (Driver info: chromedriver=2.43.600229 (3fae4d0cda5334b4f533bede5a4787f7b832d052),platform=Mac OS X 10.14.5 x86_64)
                    at global.$ (/Users/mentalstack/Documents/GitHub/unit-e2e/node_modules/@wdio/runner/build/index.js:160:36)
                    at UsersPage.$ [as SearchField] (/Users/mentalstack/Documents/GitHub/unit-e2e/test/e2e/pages/Users.page.js:15:16)
                    at UsersPage.SearchField [as SearchUser] (/Users/mentalstack/Documents/GitHub/unit-e2e/test/e2e/pages/Users.page.js:106:14)
                    at Context.SearchUser (/Users/mentalstack/Documents/GitHub/unit-e2e/test/e2e/specs/UserPageTest.spec.js:35:19)</stack-trace>
            </failure>
        </test-case>
        <test-case start='1572524304482' status='broken' stop='1572524304504'>
            <name>Should be deleted user</name>
            <title>Should be deleted user</title>
            <labels>
                <label name='language' value='javascript'/>
                <label name='framework' value='wdio'/>
                <label name='thread' value='0-4'/>
            </labels>
            <parameters>
                <parameter kind='argument' name='browser' value='chrome-78.0.3904.70'/>
            </parameters>
            <steps>
                <step start='1572524304482' status='broken' stop='1572524304504'>
                    <name>POST /session/:sessionId/element</name>
                    <title>POST /session/:sessionId/element</title>
                    <attachments>
                        <attachment title='Request' source='f0312d4c-14f7-41f9-b2ae-3e72e300116f-attachment.json' type='application/json' size='141'/>
                    </attachments>
                    <steps/>
                </step>
            </steps>
            <attachments/>
            <failure>
                <message>no such window: target window already closed
                from unknown error: web view not found
                  (Session info: chrome=78.0.3904.70)
                  (Driver info: chromedriver=2.43.600229 (3fae4d0cda5334b4f533bede5a4787f7b832d052),platform=Mac OS X 10.14.5 x86_64)</message>
                <stack-trace>Error: no such window: target window already closed
                from unknown error: web view not found
                  (Session info: chrome=78.0.3904.70)
                  (Driver info: chromedriver=2.43.600229 (3fae4d0cda5334b4f533bede5a4787f7b832d052),platform=Mac OS X 10.14.5 x86_64)
                    at global.$ (/Users/mentalstack/Documents/GitHub/unit-e2e/node_modules/@wdio/runner/build/index.js:160:36)
                    at UsersPage.$ [as DeleteButton] (/Users/mentalstack/Documents/GitHub/unit-e2e/test/e2e/pages/Users.page.js:67:16)
                    at Context.DeleteButton (/Users/mentalstack/Documents/GitHub/unit-e2e/test/e2e/specs/UserPageTest.spec.js:39:19)</stack-trace>
            </failure>
        </test-case>
    </test-cases>
</ns2:test-suite>